# JRE version: Java(TM) SE Runtime Environment (8.0_211-b12) (build 1.8.0_211-b12)
# Java VM: Java HotSpot(TM) 64-Bit Server VM (25.211-b12 mixed mode windows-amd64 compressed oops)
Heap:
 PSYoungGen      total 394752K, used 391018K [0x00000000d5f80000, 0x00000000fdd80000, 0x0000000100000000)
  eden space 381440K, 99% used [0x00000000d5f80000,0x00000000ed264348,0x00000000ed400000)
  from space 13312K, 84% used [0x00000000ed400000,0x00000000edef6570,0x00000000ee100000)
  to   space 43008K, 0% used [0x00000000fb380000,0x00000000fb380000,0x00000000fdd80000)
 ParOldGen       total 176640K, used 91695K [0x0000000081e00000, 0x000000008ca80000, 0x00000000d5f80000)
  object space 176640K, 51% used [0x0000000081e00000,0x000000008778be30,0x000000008ca80000)
 Metaspace       used 61072K, capacity 64292K, committed 64640K, reserved 1105920K
  class space    used 8211K, capacity 8972K, committed 9088K, reserved 1048576K
GC Heap History (10 events):
Event: 8.994 GC heap before
{Heap before GC invocations=10 (full 1):
 PSYoungGen      total 259072K, used 259063K [0x00000000d5f80000, 0x00000000e7280000, 0x0000000100000000)
  eden space 250368K, 100% used [0x00000000d5f80000,0x00000000e5400000,0x00000000e5400000)
  from space 8704K, 99% used [0x00000000e6a00000,0x00000000e727df18,0x00000000e7280000)
  to   space 10752K, 0% used [0x00000000e5d80000,0x00000000e5d80000,0x00000000e6800000)
 ParOldGen       total 44544K, used 7593K [0x0000000081e00000, 0x0000000084980000, 0x00000000d5f80000)
  object space 44544K, 17% used [0x0000000081e00000,0x000000008256a638,0x0000000084980000)
 Metaspace       used 33669K, capacity 34946K, committed 35072K, reserved 1079296K
  class space    used 4348K, capacity 4591K, committed 4608K, reserved 1048576K
Event: 9.018 GC heap after
Heap after GC invocations=10 (full 1):
 PSYoungGen      total 270848K, used 10738K [0x00000000d5f80000, 0x00000000eee80000, 0x0000000100000000)
  eden space 260096K, 0% used [0x00000000d5f80000,0x00000000d5f80000,0x00000000e5d80000)
  from space 10752K, 99% used [0x00000000e5d80000,0x00000000e67fc840,0x00000000e6800000)
  to   space 13824K, 0% used [0x00000000ee100000,0x00000000ee100000,0x00000000eee80000)
 ParOldGen       total 44544K, used 11783K [0x0000000081e00000, 0x0000000084980000, 0x00000000d5f80000)
  object space 44544K, 26% used [0x0000000081e00000,0x0000000082981cd8,0x0000000084980000)
 Metaspace       used 33669K, capacity 34946K, committed 35072K, reserved 1079296K
  class space    used 4348K, capacity 4591K, committed 4608K, reserved 1048576K
}
Event: 9.389 GC heap before
{Heap before GC invocations=11 (full 1):
 PSYoungGen      total 270848K, used 46272K [0x00000000d5f80000, 0x00000000eee80000, 0x0000000100000000)
  eden space 260096K, 13% used [0x00000000d5f80000,0x00000000d8233a98,0x00000000e5d80000)
  from space 10752K, 99% used [0x00000000e5d80000,0x00000000e67fc840,0x00000000e6800000)
  to   space 13824K, 0% used [0x00000000ee100000,0x00000000ee100000,0x00000000eee80000)
 ParOldGen       total 44544K, used 11783K [0x0000000081e00000, 0x0000000084980000, 0x00000000d5f80000)
  object space 44544K, 26% used [0x0000000081e00000,0x0000000082981cd8,0x0000000084980000)
 Metaspace       used 34699K, capacity 36022K, committed 36048K, reserved 1081344K
  class space    used 4466K, capacity 4729K, committed 4736K, reserved 1048576K
Event: 9.400 GC heap after
Heap after GC invocations=11 (full 1):
 PSYoungGen      total 395264K, used 5597K [0x00000000d5f80000, 0x00000000ef980000, 0x0000000100000000)
  eden space 381440K, 0% used [0x00000000d5f80000,0x00000000d5f80000,0x00000000ed400000)
  from space 13824K, 40% used [0x00000000ee100000,0x00000000ee677648,0x00000000eee80000)
  to   space 13312K, 0% used [0x00000000ed400000,0x00000000ed400000,0x00000000ee100000)
 ParOldGen       total 44544K, used 18030K [0x0000000081e00000, 0x0000000084980000, 0x00000000d5f80000)
  object space 44544K, 40% used [0x0000000081e00000,0x0000000082f9ba50,0x0000000084980000)
 Metaspace       used 34699K, capacity 36022K, committed 36048K, reserved 1081344K
  class space    used 4466K, capacity 4729K, committed 4736K, reserved 1048576K
}
Event: 9.400 GC heap before
{Heap before GC invocations=12 (full 2):
 PSYoungGen      total 395264K, used 5597K [0x00000000d5f80000, 0x00000000ef980000, 0x0000000100000000)
  eden space 381440K, 0% used [0x00000000d5f80000,0x00000000d5f80000,0x00000000ed400000)
  from space 13824K, 40% used [0x00000000ee100000,0x00000000ee677648,0x00000000eee80000)
  to   space 13312K, 0% used [0x00000000ed400000,0x00000000ed400000,0x00000000ee100000)
 ParOldGen       total 44544K, used 18030K [0x0000000081e00000, 0x0000000084980000, 0x00000000d5f80000)
  object space 44544K, 40% used [0x0000000081e00000,0x0000000082f9ba50,0x0000000084980000)
 Metaspace       used 34699K, capacity 36022K, committed 36048K, reserved 1081344K
  class space    used 4466K, capacity 4729K, committed 4736K, reserved 1048576K
Event: 9.480 GC heap after
Heap after GC invocations=12 (full 2):
 PSYoungGen      total 395264K, used 0K [0x00000000d5f80000, 0x00000000ef980000, 0x0000000100000000)
  eden space 381440K, 0% used [0x00000000d5f80000,0x00000000d5f80000,0x00000000ed400000)
  from space 13824K, 0% used [0x00000000ee100000,0x00000000ee100000,0x00000000eee80000)
  to   space 13312K, 0% used [0x00000000ed400000,0x00000000ed400000,0x00000000ee100000)
 ParOldGen       total 66048K, used 16611K [0x0000000081e00000, 0x0000000085e80000, 0x00000000d5f80000)
  object space 66048K, 25% used [0x0000000081e00000,0x0000000082e38c48,0x0000000085e80000)
 Metaspace       used 34699K, capacity 36022K, committed 36048K, reserved 1081344K
  class space    used 4466K, capacity 4729K, committed 4736K, reserved 1048576K
}
Event: 13.749 GC heap before
{Heap before GC invocations=13 (full 2):
 PSYoungGen      total 395264K, used 381440K [0x00000000d5f80000, 0x00000000ef980000, 0x0000000100000000)
  eden space 381440K, 100% used [0x00000000d5f80000,0x00000000ed400000,0x00000000ed400000)
  from space 13824K, 0% used [0x00000000ee100000,0x00000000ee100000,0x00000000eee80000)
  to   space 13312K, 0% used [0x00000000ed400000,0x00000000ed400000,0x00000000ee100000)
 ParOldGen       total 66048K, used 16611K [0x0000000081e00000, 0x0000000085e80000, 0x00000000d5f80000)
  object space 66048K, 25% used [0x0000000081e00000,0x0000000082e38c48,0x0000000085e80000)
 Metaspace       used 54747K, capacity 57500K, committed 57600K, reserved 1099776K
  class space    used 7255K, capacity 7904K, committed 7936K, reserved 1048576K
Event: 14.039 GC heap after
Heap after GC invocations=13 (full 2):
 PSYoungGen      total 394752K, used 13296K [0x00000000d5f80000, 0x00000000fdd80000, 0x0000000100000000)
  eden space 381440K, 0% used [0x00000000d5f80000,0x00000000d5f80000,0x00000000ed400000)
  from space 13312K, 99% used [0x00000000ed400000,0x00000000ee0fc370,0x00000000ee100000)
  to   space 43008K, 0% used [0x00000000fb380000,0x00000000fb380000,0x00000000fdd80000)
 ParOldGen       total 92160K, used 91700K [0x0000000081e00000, 0x0000000087800000, 0x00000000d5f80000)
  object space 92160K, 99% used [0x0000000081e00000,0x000000008778d398,0x0000000087800000)
 Metaspace       used 54747K, capacity 57500K, committed 57600K, reserved 1099776K
  class space    used 7255K, capacity 7904K, committed 7936K, reserved 1048576K
}
Event: 14.039 GC heap before
{Heap before GC invocations=14 (full 3):
 PSYoungGen      total 394752K, used 13296K [0x00000000d5f80000, 0x00000000fdd80000, 0x0000000100000000)
  eden space 381440K, 0% used [0x00000000d5f80000,0x00000000d5f80000,0x00000000ed400000)
  from space 13312K, 99% used [0x00000000ed400000,0x00000000ee0fc370,0x00000000ee100000)
  to   space 43008K, 0% used [0x00000000fb380000,0x00000000fb380000,0x00000000fdd80000)
 ParOldGen       total 92160K, used 91700K [0x0000000081e00000, 0x0000000087800000, 0x00000000d5f80000)
  object space 92160K, 99% used [0x0000000081e00000,0x000000008778d398,0x0000000087800000)
 Metaspace       used 54747K, capacity 57500K, committed 57600K, reserved 1099776K
  class space    used 7255K, capacity 7904K, committed 7936K, reserved 1048576K
Event: 14.289 GC heap after
Heap after GC invocations=14 (full 3):
 PSYoungGen      total 394752K, used 11225K [0x00000000d5f80000, 0x00000000fdd80000, 0x0000000100000000)
  eden space 381440K, 0% used [0x00000000d5f80000,0x00000000d5f80000,0x00000000ed400000)
  from space 13312K, 84% used [0x00000000ed400000,0x00000000edef6570,0x00000000ee100000)
  to   space 43008K, 0% used [0x00000000fb380000,0x00000000fb380000,0x00000000fdd80000)
 ParOldGen       total 176640K, used 91695K [0x0000000081e00000, 0x000000008ca80000, 0x00000000d5f80000)
  object space 176640K, 51% used [0x0000000081e00000,0x000000008778be30,0x000000008ca80000)
 Metaspace       used 54747K, capacity 57500K, committed 57600K, reserved 1099776K
  class space    used 7255K, capacity 7904K, committed 7936K, reserved 1048576K
}

